TN:
SF:controllers\authController.js
FN:9,(anonymous_0)
FN:23,(anonymous_1)
FN:55,(anonymous_2)
FNF:3
FNH:3
FNDA:6,(anonymous_0)
FNDA:6,(anonymous_1)
FNDA:4,(anonymous_2)
DA:1,5
DA:2,5
DA:3,5
DA:4,5
DA:5,5
DA:10,6
DA:11,6
DA:13,2
DA:15,2
DA:18,4
DA:19,4
DA:24,6
DA:25,6
DA:27,6
DA:28,1
DA:30,5
DA:31,1
DA:34,4
DA:37,3
DA:38,1
DA:41,2
DA:42,2
DA:43,1
DA:46,1
DA:48,1
DA:50,5
DA:51,5
DA:56,4
DA:58,4
DA:59,4
DA:64,3
DA:66,3
DA:67,2
DA:68,1
DA:75,2
DA:77,2
DA:86,2
DA:87,2
DA:93,5
LF:39
LH:39
BRDA:13,0,0,1
BRDA:13,0,1,1
BRDA:27,1,0,1
BRDA:27,1,1,5
BRDA:30,2,0,1
BRDA:30,2,1,4
BRDA:37,3,0,1
BRDA:37,3,1,2
BRDA:42,4,0,1
BRDA:42,4,1,1
BRDA:67,5,0,1
BRDA:67,5,1,1
BRF:12
BRH:12
end_of_record
TN:
SF:controllers\friendController.js
FN:6,(anonymous_0)
FN:40,(anonymous_1)
FN:58,(anonymous_2)
FN:79,(anonymous_3)
FN:119,(anonymous_4)
FNF:5
FNH:5
FNDA:4,(anonymous_0)
FNDA:3,(anonymous_1)
FNDA:5,(anonymous_2)
FNDA:5,(anonymous_3)
FNDA:3,(anonymous_4)
DA:1,5
DA:2,5
DA:7,4
DA:8,4
DA:9,4
DA:11,4
DA:12,4
DA:14,4
DA:15,1
DA:16,1
DA:17,3
DA:18,1
DA:19,1
DA:22,4
DA:27,4
DA:28,1
DA:29,1
DA:30,1
DA:31,1
DA:34,4
DA:40,3
DA:41,3
DA:42,3
DA:43,3
DA:52,3
DA:54,1
DA:59,5
DA:60,5
DA:61,5
DA:63,5
DA:65,4
DA:66,4
DA:67,3
DA:69,2
DA:70,2
DA:72,1
DA:73,1
DA:75,4
DA:80,5
DA:81,5
DA:82,5
DA:83,5
DA:85,5
DA:86,5
DA:87,5
DA:88,4
DA:90,4
DA:91,2
DA:93,2
DA:97,2
DA:98,1
DA:103,1
DA:104,1
DA:107,2
DA:108,2
DA:109,1
DA:110,1
DA:112,1
DA:115,2
DA:120,3
DA:121,3
DA:122,3
DA:124,3
DA:125,3
DA:126,2
DA:127,1
DA:129,1
DA:131,1
DA:135,1
DA:137,2
DA:142,5
LF:71
LH:71
BRDA:9,0,0,3
BRDA:12,1,0,0
BRDA:12,1,1,4
BRDA:14,2,0,1
BRDA:14,2,1,3
BRDA:17,3,0,1
BRDA:17,3,1,2
BRDA:27,4,0,1
BRDA:27,4,1,3
BRDA:42,5,0,1
BRDA:42,5,1,2
BRDA:46,6,0,1
BRDA:46,6,1,2
BRDA:48,7,0,3
BRDA:48,7,1,0
BRDA:63,8,0,1
BRDA:63,8,1,4
BRDA:66,9,0,1
BRDA:66,9,1,3
BRDA:67,10,0,1
BRDA:67,10,1,2
BRDA:70,11,0,1
BRDA:70,11,1,1
BRDA:86,12,0,0
BRDA:86,12,1,5
BRDA:87,13,0,1
BRDA:87,13,1,4
BRDA:88,14,0,0
BRDA:88,14,1,4
BRDA:90,15,0,2
BRDA:90,15,1,2
BRDA:97,16,0,1
BRDA:97,16,1,1
BRDA:103,17,0,1
BRDA:103,17,1,0
BRDA:108,18,0,1
BRDA:108,18,1,1
BRDA:125,19,0,1
BRDA:125,19,1,2
BRDA:126,20,0,1
BRDA:126,20,1,1
BRDA:126,21,0,2
BRDA:126,21,1,1
BRF:43
BRH:38
end_of_record
TN:
SF:controllers\reminderController.js
FN:7,(anonymous_0)
FN:35,(anonymous_1)
FN:58,(anonymous_2)
FNF:3
FNH:3
FNDA:3,(anonymous_0)
FNDA:2,(anonymous_1)
FNDA:4,(anonymous_2)
DA:1,5
DA:2,5
DA:3,5
DA:8,3
DA:9,3
DA:10,3
DA:12,3
DA:14,3
DA:15,1
DA:18,3
DA:19,1
DA:22,3
DA:26,3
DA:28,3
DA:30,0
DA:36,2
DA:37,2
DA:38,2
DA:40,2
DA:41,2
DA:42,1
DA:45,1
DA:46,0
DA:49,1
DA:50,1
DA:52,1
DA:54,1
DA:59,4
DA:60,4
DA:62,4
DA:63,4
DA:64,2
DA:67,2
DA:69,2
DA:71,2
DA:73,2
DA:79,5
LF:37
LH:35
BRDA:14,0,0,1
BRDA:14,0,1,2
BRDA:18,1,0,1
BRDA:18,1,1,2
BRDA:23,2,0,1
BRDA:23,2,1,2
BRDA:23,3,0,3
BRDA:23,3,1,2
BRDA:41,4,0,1
BRDA:41,4,1,1
BRDA:45,5,0,0
BRDA:45,5,1,1
BRDA:63,6,0,2
BRDA:63,6,1,2
BRF:14
BRH:13
end_of_record
TN:
SF:controllers\usersController.js
FN:5,(anonymous_0)
FN:23,(anonymous_1)
FNF:2
FNH:2
FNDA:3,(anonymous_0)
FNDA:5,(anonymous_1)
DA:1,5
DA:6,3
DA:7,3
DA:8,3
DA:9,3
DA:10,1
DA:14,2
DA:15,2
DA:16,2
DA:18,1
DA:19,1
DA:24,5
DA:25,5
DA:27,5
DA:28,5
DA:29,1
DA:32,4
DA:34,2
DA:35,2
DA:37,2
DA:39,3
DA:40,3
DA:45,5
LF:23
LH:23
BRDA:9,0,0,1
BRDA:9,0,1,2
BRDA:14,1,0,1
BRDA:14,1,1,1
BRDA:14,2,0,2
BRDA:14,2,1,2
BRDA:15,3,0,2
BRDA:15,3,1,0
BRDA:28,4,0,1
BRDA:28,4,1,4
BRDA:34,5,0,1
BRDA:34,5,1,1
BRDA:34,6,0,2
BRDA:34,6,1,2
BRDA:35,7,0,2
BRDA:35,7,1,0
BRF:16
BRH:14
end_of_record
TN:
SF:controllers\waController.js
FN:19,parseISOToUTC
FN:30,humanWhen
FN:50,asStringPhone
FN:55,reply
FN:64,inbound
FN:137,(anonymous_5)
FN:188,(anonymous_6)
FN:203,(anonymous_7)
FN:259,(anonymous_8)
FN:271,(anonymous_9)
FN:283,(anonymous_10)
FN:313,(anonymous_11)
FN:329,(anonymous_12)
FN:392,(anonymous_13)
FNF:14
FNH:14
FNDA:14,parseISOToUTC
FNDA:22,humanWhen
FNDA:50,asStringPhone
FNDA:50,reply
FNDA:51,inbound
FNDA:8,(anonymous_5)
FNDA:1,(anonymous_6)
FNDA:1,(anonymous_7)
FNDA:1,(anonymous_8)
FNDA:2,(anonymous_9)
FNDA:2,(anonymous_10)
FNDA:11,(anonymous_11)
FNDA:2,(anonymous_12)
FNDA:1,(anonymous_13)
DA:1,5
DA:2,5
DA:3,5
DA:4,5
DA:5,5
DA:10,5
DA:12,5
DA:13,5
DA:14,5
DA:15,5
DA:16,5
DA:20,14
DA:21,14
DA:22,14
DA:23,14
DA:25,0
DA:26,0
DA:31,22
DA:32,22
DA:33,22
DA:34,22
DA:35,22
DA:36,22
DA:37,20
DA:38,15
DA:39,8
DA:40,8
DA:41,8
DA:42,8
DA:44,7
DA:46,0
DA:51,50
DA:52,50
DA:56,50
DA:57,50
DA:59,1
DA:65,51
DA:66,51
DA:67,51
DA:69,51
DA:70,1
DA:73,50
DA:75,50
DA:76,49
DA:77,1
DA:78,1
DA:81,48
DA:82,48
DA:85,48
DA:90,48
DA:93,48
DA:94,3
DA:95,3
DA:96,3
DA:97,3
DA:98,0
DA:100,3
DA:101,2
DA:103,2
DA:104,0
DA:108,0
DA:113,48
DA:115,25
DA:116,25
DA:117,4
DA:118,4
DA:119,4
DA:120,1
DA:122,4
DA:123,1
DA:125,4
DA:126,2
DA:127,2
DA:129,2
DA:133,23
DA:134,8
DA:135,8
DA:136,4
DA:137,8
DA:138,4
DA:139,4
DA:141,4
DA:142,3
DA:143,2
DA:144,2
DA:145,1
DA:147,4
DA:148,4
DA:152,8
DA:158,8
DA:161,8
DA:162,8
DA:163,8
DA:164,6
DA:165,4
DA:166,2
DA:167,2
DA:168,1
DA:170,8
DA:186,7
DA:187,1
DA:188,1
DA:192,7
DA:193,7
DA:195,7
DA:202,7
DA:203,1
DA:206,7
DA:207,7
DA:211,15
DA:212,14
DA:213,14
DA:214,0
DA:215,0
DA:219,14
DA:220,14
DA:221,14
DA:222,1
DA:223,1
DA:224,1
DA:227,13
DA:233,13
DA:236,13
DA:237,13
DA:238,13
DA:239,3
DA:240,2
DA:241,2
DA:242,2
DA:243,1
DA:244,1
DA:247,13
DA:260,1
DA:261,1
DA:267,11
DA:268,1
DA:269,1
DA:270,1
DA:271,2
DA:277,11
DA:278,11
DA:280,11
DA:282,11
DA:283,2
DA:286,11
DA:287,11
DA:292,24
DA:293,6
DA:306,6
DA:307,1
DA:308,1
DA:311,5
DA:312,5
DA:313,5
DA:314,11
DA:315,11
DA:316,11
DA:317,11
DA:327,11
DA:328,11
DA:329,2
DA:330,2
DA:332,11
DA:334,5
DA:336,5
DA:337,5
DA:338,5
DA:342,18
DA:343,1
DA:344,1
DA:345,1
DA:348,17
DA:349,1
DA:350,1
DA:351,1
DA:354,16
DA:355,2
DA:356,1
DA:358,2
DA:359,2
DA:363,14
DA:364,4
DA:365,4
DA:366,4
DA:367,1
DA:368,1
DA:370,3
DA:371,3
DA:378,3
DA:379,1
DA:380,1
DA:383,2
DA:384,2
DA:385,2
DA:386,1
DA:388,2
DA:390,2
DA:391,2
DA:392,1
DA:393,1
DA:395,2
DA:396,2
DA:397,2
DA:401,10
DA:402,10
DA:404,4
DA:405,4
DA:406,4
DA:410,5
LF:209
LH:201
BRDA:20,0,0,0
BRDA:20,0,1,14
BRDA:25,1,0,0
BRDA:25,1,1,0
BRDA:31,2,0,0
BRDA:31,2,1,22
BRDA:36,3,0,2
BRDA:36,3,1,20
BRDA:37,4,0,5
BRDA:37,4,1,15
BRDA:38,5,0,8
BRDA:38,5,1,7
BRDA:41,6,0,0
BRDA:41,6,1,8
BRDA:51,7,0,0
BRDA:51,7,1,50
BRDA:59,8,0,1
BRDA:59,8,1,0
BRDA:65,9,0,51
BRDA:65,9,1,1
BRDA:66,10,0,51
BRDA:66,10,1,1
BRDA:69,11,0,1
BRDA:69,11,1,50
BRDA:69,12,0,51
BRDA:69,12,1,50
BRDA:76,13,0,1
BRDA:76,13,1,48
BRDA:81,14,0,48
BRDA:81,14,1,0
BRDA:82,15,0,48
BRDA:82,15,1,0
BRDA:93,16,0,3
BRDA:93,16,1,45
BRDA:93,17,0,48
BRDA:93,17,1,7
BRDA:93,17,2,44
BRDA:95,18,0,3
BRDA:95,18,1,3
BRDA:97,19,0,3
BRDA:97,19,1,0
BRDA:98,20,0,0
BRDA:98,20,1,0
BRDA:98,21,0,0
BRDA:98,21,1,0
BRDA:100,22,0,2
BRDA:100,22,1,1
BRDA:103,23,0,0
BRDA:103,23,1,2
BRDA:103,24,0,2
BRDA:103,24,1,2
BRDA:103,24,2,2
BRDA:103,24,3,0
BRDA:108,25,0,0
BRDA:108,25,1,0
BRDA:113,26,0,25
BRDA:113,26,1,23
BRDA:113,27,0,48
BRDA:113,27,1,26
BRDA:116,28,0,4
BRDA:116,28,1,21
BRDA:116,29,0,25
BRDA:116,29,1,4
BRDA:119,30,0,1
BRDA:119,30,1,3
BRDA:122,31,0,1
BRDA:122,31,1,3
BRDA:125,32,0,2
BRDA:125,32,1,2
BRDA:129,33,0,2
BRDA:129,33,1,0
BRDA:133,34,0,8
BRDA:133,34,1,15
BRDA:133,35,0,23
BRDA:133,35,1,23
BRDA:133,35,2,11
BRDA:133,35,3,11
BRDA:135,36,0,4
BRDA:135,36,1,4
BRDA:135,37,0,8
BRDA:135,37,1,6
BRDA:135,37,2,6
BRDA:135,37,3,5
BRDA:136,38,0,4
BRDA:136,38,1,0
BRDA:137,39,0,8
BRDA:137,39,1,2
BRDA:141,40,0,3
BRDA:141,40,1,1
BRDA:142,41,0,1
BRDA:142,41,1,2
BRDA:143,42,0,0
BRDA:143,42,1,2
BRDA:144,43,0,1
BRDA:144,43,1,1
BRDA:145,44,0,1
BRDA:145,44,1,0
BRDA:158,45,0,0
BRDA:158,45,1,8
BRDA:163,46,0,2
BRDA:163,46,1,6
BRDA:164,47,0,2
BRDA:164,47,1,4
BRDA:165,48,0,2
BRDA:165,48,1,2
BRDA:166,49,0,0
BRDA:166,49,1,2
BRDA:167,50,0,1
BRDA:167,50,1,1
BRDA:168,51,0,1
BRDA:168,51,1,0
BRDA:172,52,0,1
BRDA:172,52,1,7
BRDA:177,53,0,8
BRDA:177,53,1,4
BRDA:178,54,0,1
BRDA:178,54,1,7
BRDA:181,55,0,1
BRDA:181,55,1,7
BRDA:186,56,0,1
BRDA:186,56,1,6
BRDA:195,57,0,4
BRDA:195,57,1,3
BRDA:196,58,0,2
BRDA:196,58,1,2
BRDA:197,59,0,2
BRDA:197,59,1,1
BRDA:198,60,0,0
BRDA:198,60,1,1
BRDA:199,61,0,1
BRDA:199,61,1,0
BRDA:202,62,0,1
BRDA:202,62,1,6
BRDA:211,63,0,14
BRDA:211,63,1,1
BRDA:213,64,0,0
BRDA:213,64,1,14
BRDA:219,65,0,1
BRDA:219,65,1,13
BRDA:221,66,0,1
BRDA:221,66,1,13
BRDA:233,67,0,1
BRDA:233,67,1,12
BRDA:238,68,0,3
BRDA:238,68,1,10
BRDA:238,69,0,13
BRDA:238,69,1,13
BRDA:239,70,0,1
BRDA:239,70,1,2
BRDA:240,71,0,0
BRDA:240,71,1,2
BRDA:241,72,0,0
BRDA:241,72,1,2
BRDA:242,73,0,1
BRDA:242,73,1,1
BRDA:243,74,0,0
BRDA:243,74,1,1
BRDA:244,75,0,1
BRDA:244,75,1,0
BRDA:249,76,0,1
BRDA:249,76,1,12
BRDA:249,77,0,13
BRDA:249,77,1,1
BRDA:254,78,0,13
BRDA:254,78,1,12
BRDA:255,79,0,0
BRDA:255,79,1,13
BRDA:258,80,0,1
BRDA:258,80,1,12
BRDA:258,81,0,13
BRDA:258,81,1,1
BRDA:267,82,0,1
BRDA:267,82,1,10
BRDA:267,83,0,11
BRDA:267,83,1,1
BRDA:269,84,0,1
BRDA:269,84,1,0
BRDA:270,85,0,1
BRDA:270,85,1,0
BRDA:280,86,0,11
BRDA:280,86,1,0
BRDA:282,87,0,1
BRDA:282,87,1,10
BRDA:282,88,0,11
BRDA:282,88,1,1
BRDA:292,89,0,6
BRDA:292,89,1,18
BRDA:306,90,0,1
BRDA:306,90,1,5
BRDA:316,91,0,11
BRDA:316,91,1,0
BRDA:317,92,0,8
BRDA:317,92,1,3
BRDA:319,93,0,1
BRDA:319,93,1,7
BRDA:320,94,0,2
BRDA:320,94,1,5
BRDA:321,95,0,2
BRDA:321,95,1,3
BRDA:322,96,0,1
BRDA:322,96,1,2
BRDA:323,97,0,1
BRDA:323,97,1,1
BRDA:324,98,0,1
BRDA:324,98,1,0
BRDA:328,99,0,2
BRDA:328,99,1,9
BRDA:328,100,0,11
BRDA:328,100,1,11
BRDA:330,101,0,2
BRDA:330,101,1,0
BRDA:342,102,0,1
BRDA:342,102,1,17
BRDA:342,103,0,18
BRDA:342,103,1,2
BRDA:344,104,0,1
BRDA:344,104,1,1
BRDA:348,105,0,1
BRDA:348,105,1,16
BRDA:348,106,0,17
BRDA:348,106,1,2
BRDA:350,107,0,1
BRDA:350,107,1,0
BRDA:354,108,0,2
BRDA:354,108,1,14
BRDA:355,109,0,1
BRDA:355,109,1,1
BRDA:358,110,0,2
BRDA:358,110,1,2
BRDA:363,111,0,4
BRDA:363,111,1,10
BRDA:363,112,0,14
BRDA:363,112,1,4
BRDA:364,113,0,4
BRDA:364,113,1,0
BRDA:366,114,0,1
BRDA:366,114,1,3
BRDA:366,115,0,4
BRDA:366,115,1,4
BRDA:378,116,0,1
BRDA:378,116,1,2
BRDA:385,117,0,1
BRDA:385,117,1,1
BRDA:385,118,0,2
BRDA:385,118,1,2
BRDA:391,119,0,1
BRDA:391,119,1,1
BRDA:391,120,0,2
BRDA:391,120,1,2
BRDA:393,121,0,1
BRDA:393,121,1,0
BRDA:401,122,0,10
BRDA:401,122,1,9
BRF:253
BRH:211
end_of_record
